<?xml version="1.0" encoding="UTF-8"?>
<testng-results skipped="0" failed="0" ignored="0" total="1" passed="1">
  <reporter-output>
  </reporter-output>
  <suite name="Default suite" duration-ms="3732" started-at="2020-04-24T04:58:31Z" finished-at="2020-04-24T04:58:34Z">
    <groups>
    </groups>
    <test name="Default test" duration-ms="3732" started-at="2020-04-24T04:58:31Z" finished-at="2020-04-24T04:58:34Z">
      <class name="PaytmUpcomingMovies">
        <test-method status="PASS" signature="getMovieDetails()[pri:0, instance:PaytmUpcomingMovies@ae45eb6]" name="getMovieDetails" duration-ms="3693" started-at="2020-04-24T04:58:31Z" finished-at="2020-04-24T04:58:34Z">
          <reporter-output>
          </reporter-output>
        </test-method> <!-- getMovieDetails -->
      </class> <!-- PaytmUpcomingMovies -->
    </test> <!-- Default test -->
  </suite> <!-- Default suite -->
</testng-results>
